<?xml version="1.0" encoding="UTF-8"?>
<!-- Generated by org.testng.reporters.JUnitReportReporter -->
<testsuite skipped="0" hostname="Windows-PC" name="CovidPackage.Holiday" tests="3" failures="0" timestamp="17 Jul 2020 07:48:25 GMT" time="0.021" errors="0">
  <testcase name="HP" time="0.002" classname="CovidPackage.Holiday"/>
  <testcase name="lenovo" time="0.006" classname="CovidPackage.Holiday"/>
  <testcase name="Dell" time="0.013" classname="CovidPackage.Holiday"/>
</testsuite> <!-- CovidPackage.Holiday -->
